# JRE version: OpenJDK Runtime Environment (11.0.12+7) (build 11.0.12+7-b1504.28-7817840)
# Java VM: OpenJDK 64-Bit Server VM (11.0.12+7-b1504.28-7817840, mixed mode, tiered, compressed oops, g1 gc, windows-amd64)
Heap:
 garbage-first heap   total 189440K, used 74752K [0x0000000081200000, 0x0000000100000000)
  region size 1024K, 1 young (1024K), 1 survivors (1024K)
 Metaspace       used 60016K, capacity 60758K, committed 61056K, reserved 1103872K
  class space    used 6606K, capacity 6916K, committed 7040K, reserved 1048576K
GC Heap History (20 events):
Event: 2.192 GC heap after
{Heap after GC invocations=1 (full 0):
 garbage-first heap   total 131072K, used 5422K [0x0000000081200000, 0x0000000100000000)
  region size 1024K, 2 young (2048K), 2 survivors (2048K)
 Metaspace       used 9793K, capacity 9938K, committed 10112K, reserved 1058816K
  class space    used 834K, capacity 885K, committed 896K, reserved 1048576K
}
Event: 6.179 GC heap before
{Heap before GC invocations=1 (full 0):
 garbage-first heap   total 131072K, used 52526K [0x0000000081200000, 0x0000000100000000)
  region size 1024K, 49 young (50176K), 2 survivors (2048K)
 Metaspace       used 20970K, capacity 21222K, committed 21248K, reserved 1069056K
  class space    used 2212K, capacity 2293K, committed 2304K, reserved 1048576K
}
Event: 6.206 GC heap after
{Heap after GC invocations=2 (full 0):
 garbage-first heap   total 131072K, used 9201K [0x0000000081200000, 0x0000000100000000)
  region size 1024K, 6 young (6144K), 6 survivors (6144K)
 Metaspace       used 20970K, capacity 21222K, committed 21248K, reserved 1069056K
  class space    used 2212K, capacity 2293K, committed 2304K, reserved 1048576K
}
Event: 10.483 GC heap before
{Heap before GC invocations=3 (full 0):
 garbage-first heap   total 131072K, used 50161K [0x0000000081200000, 0x0000000100000000)
  region size 1024K, 43 young (44032K), 6 survivors (6144K)
 Metaspace       used 31268K, capacity 31817K, committed 32128K, reserved 1077248K
  class space    used 3672K, capacity 3879K, committed 3968K, reserved 1048576K
}
Event: 10.523 GC heap after
{Heap after GC invocations=4 (full 0):
 garbage-first heap   total 131072K, used 16236K [0x0000000081200000, 0x0000000100000000)
  region size 1024K, 4 young (4096K), 4 survivors (4096K)
 Metaspace       used 31268K, capacity 31817K, committed 32128K, reserved 1077248K
  class space    used 3672K, capacity 3879K, committed 3968K, reserved 1048576K
}
Event: 13.232 GC heap before
{Heap before GC invocations=4 (full 0):
 garbage-first heap   total 131072K, used 60268K [0x0000000081200000, 0x0000000100000000)
  region size 1024K, 43 young (44032K), 4 survivors (4096K)
 Metaspace       used 35072K, capacity 35572K, committed 35840K, reserved 1081344K
  class space    used 4284K, capacity 4489K, committed 4608K, reserved 1048576K
}
Event: 13.330 GC heap after
{Heap after GC invocations=5 (full 0):
 garbage-first heap   total 131072K, used 28050K [0x0000000081200000, 0x0000000100000000)
  region size 1024K, 7 young (7168K), 7 survivors (7168K)
 Metaspace       used 35072K, capacity 35572K, committed 35840K, reserved 1081344K
  class space    used 4284K, capacity 4489K, committed 4608K, reserved 1048576K
}
Event: 16.521 GC heap before
{Heap before GC invocations=6 (full 0):
 garbage-first heap   total 131072K, used 73106K [0x0000000081200000, 0x0000000100000000)
  region size 1024K, 51 young (52224K), 7 survivors (7168K)
 Metaspace       used 43254K, capacity 43793K, committed 44032K, reserved 1087488K
  class space    used 5107K, capacity 5306K, committed 5376K, reserved 1048576K
}
Event: 16.564 GC heap after
{Heap after GC invocations=7 (full 0):
 garbage-first heap   total 131072K, used 30268K [0x0000000081200000, 0x0000000100000000)
  region size 1024K, 5 young (5120K), 5 survivors (5120K)
 Metaspace       used 43254K, capacity 43793K, committed 44032K, reserved 1087488K
  class space    used 5107K, capacity 5306K, committed 5376K, reserved 1048576K
}
Event: 22.628 GC heap before
{Heap before GC invocations=7 (full 0):
 garbage-first heap   total 131072K, used 84540K [0x0000000081200000, 0x0000000100000000)
  region size 1024K, 55 young (56320K), 5 survivors (5120K)
 Metaspace       used 48485K, capacity 49073K, committed 49152K, reserved 1093632K
  class space    used 5642K, capacity 5867K, committed 5888K, reserved 1048576K
}
Event: 22.695 GC heap after
{Heap after GC invocations=8 (full 0):
 garbage-first heap   total 157696K, used 44032K [0x0000000081200000, 0x0000000100000000)
  region size 1024K, 7 young (7168K), 7 survivors (7168K)
 Metaspace       used 48485K, capacity 49073K, committed 49152K, reserved 1093632K
  class space    used 5642K, capacity 5867K, committed 5888K, reserved 1048576K
}
Event: 31.159 GC heap before
{Heap before GC invocations=8 (full 0):
 garbage-first heap   total 157696K, used 101376K [0x0000000081200000, 0x0000000100000000)
  region size 1024K, 63 young (64512K), 7 survivors (7168K)
 Metaspace       used 52825K, capacity 53522K, committed 53632K, reserved 1097728K
  class space    used 5975K, capacity 6218K, committed 6272K, reserved 1048576K
}
Event: 31.242 GC heap after
{Heap after GC invocations=9 (full 0):
 garbage-first heap   total 157696K, used 53760K [0x0000000081200000, 0x0000000100000000)
  region size 1024K, 8 young (8192K), 8 survivors (8192K)
 Metaspace       used 52825K, capacity 53522K, committed 53632K, reserved 1097728K
  class space    used 5975K, capacity 6218K, committed 6272K, reserved 1048576K
}
Event: 41.779 GC heap before
{Heap before GC invocations=9 (full 0):
 garbage-first heap   total 157696K, used 85504K [0x0000000081200000, 0x0000000100000000)
  region size 1024K, 37 young (37888K), 8 survivors (8192K)
 Metaspace       used 57740K, capacity 58457K, committed 58752K, reserved 1101824K
  class space    used 6424K, capacity 6703K, committed 6784K, reserved 1048576K
}
Event: 41.851 GC heap after
{Heap after GC invocations=10 (full 0):
 garbage-first heap   total 157696K, used 61436K [0x0000000081200000, 0x0000000100000000)
  region size 1024K, 5 young (5120K), 5 survivors (5120K)
 Metaspace       used 57740K, capacity 58457K, committed 58752K, reserved 1101824K
  class space    used 6424K, capacity 6703K, committed 6784K, reserved 1048576K
}
Event: 46.819 GC heap before
{Heap before GC invocations=10 (full 0):
 garbage-first heap   total 157696K, used 78844K [0x0000000081200000, 0x0000000100000000)
  region size 1024K, 23 young (23552K), 5 survivors (5120K)
 Metaspace       used 59334K, capacity 60041K, committed 60160K, reserved 1101824K
  class space    used 6575K, capacity 6848K, committed 6912K, reserved 1048576K
}
Event: 46.871 GC heap after
{Heap after GC invocations=11 (full 0):
 garbage-first heap   total 157696K, used 66048K [0x0000000081200000, 0x0000000100000000)
  region size 1024K, 4 young (4096K), 4 survivors (4096K)
 Metaspace       used 59334K, capacity 60041K, committed 60160K, reserved 1101824K
  class space    used 6575K, capacity 6848K, committed 6912K, reserved 1048576K
}
Event: 52.606 GC heap before
{Heap before GC invocations=12 (full 0):
 garbage-first heap   total 157696K, used 110080K [0x0000000081200000, 0x0000000100000000)
  region size 1024K, 47 young (48128K), 4 survivors (4096K)
 Metaspace       used 60016K, capacity 60758K, committed 61056K, reserved 1103872K
  class space    used 6606K, capacity 6916K, committed 7040K, reserved 1048576K
}
Event: 52.675 GC heap after
{Heap after GC invocations=13 (full 0):
 garbage-first heap   total 157696K, used 74046K [0x0000000081200000, 0x0000000100000000)
  region size 1024K, 6 young (6144K), 6 survivors (6144K)
 Metaspace       used 60016K, capacity 60758K, committed 61056K, reserved 1103872K
  class space    used 6606K, capacity 6916K, committed 7040K, reserved 1048576K
}
Event: 52.769 GC heap before
{Heap before GC invocations=13 (full 0):
 garbage-first heap   total 157696K, used 75070K [0x0000000081200000, 0x0000000100000000)
  region size 1024K, 7 young (7168K), 6 survivors (6144K)
 Metaspace       used 60016K, capacity 60758K, committed 61056K, reserved 1103872K
  class space    used 6606K, capacity 6916K, committed 7040K, reserved 1048576K
}

